<?xml version="1.0" encoding="UTF-8"?>
<!-- Generated by org.testng.reporters.JUnitReportReporter -->
<testsuite hostname="Dell-PC" name="com.learn.selenium.DemoForMaven" tests="1" failures="0" timestamp="10 Sep 2018 18:14:25 GMT" time="15.863" errors="0">
  <testcase name="sample" time="15.863" classname="com.learn.selenium.DemoForMaven"/>
</testsuite> <!-- com.learn.selenium.DemoForMaven -->
